== lr calibration (reference d_model=64, d_state=8, seed=0) ==
  rich lr=0.003: best_val=0.508
  rich lr=0.01: best_val=0.529
  -> rich chosen lr=0.01 (best_val=0.529)
  B1 lr=0.003: best_val=0.393
  B1 lr=0.01: best_val=0.322
  -> B1 chosen lr=0.003 (best_val=0.393)
  B2 lr=0.003: best_val=1.000
  B2 lr=0.01: best_val=0.884
  -> B2 chosen lr=0.003 (best_val=1.000)

== grid ==
  rich dm=16 ds=4 seed=0: best_val=0.289 params=1006 (27s)
  rich dm=16 ds=4 seed=1: best_val=0.331 params=1006 (28s)
  rich dm=16 ds=4 seed=2: best_val=0.277 params=1006 (28s)
  rich dm=16 ds=8 seed=0: best_val=0.440 params=1138 (29s)
  rich dm=16 ds=8 seed=1: best_val=0.396 params=1138 (29s)
  rich dm=16 ds=8 seed=2: best_val=0.440 params=1138 (30s)
  rich dm=16 ds=16 seed=0: best_val=0.522 params=1402 (31s)
  rich dm=16 ds=16 seed=1: best_val=0.333 params=1402 (29s)
  rich dm=16 ds=16 seed=2: best_val=0.548 params=1402 (30s)
  rich dm=32 ds=4 seed=0: best_val=0.324 params=3022 (29s)
  rich dm=32 ds=4 seed=1: best_val=0.314 params=3022 (29s)
  rich dm=32 ds=4 seed=2: best_val=0.369 params=3022 (29s)
  rich dm=32 ds=8 seed=0: best_val=0.516 params=3282 (31s)
  rich dm=32 ds=8 seed=1: best_val=0.511 params=3282 (31s)
  rich dm=32 ds=8 seed=2: best_val=0.518 params=3282 (31s)
  rich dm=32 ds=16 seed=0: best_val=0.646 params=3802 (30s)
  rich dm=32 ds=16 seed=1: best_val=0.574 params=3802 (30s)
  rich dm=32 ds=16 seed=2: best_val=0.603 params=3802 (33s)
  rich dm=48 ds=4 seed=0: best_val=0.367 params=6062 (34s)
  rich dm=48 ds=4 seed=1: best_val=0.305 params=6062 (32s)
  rich dm=48 ds=4 seed=2: best_val=0.336 params=6062 (32s)
  rich dm=48 ds=8 seed=0: best_val=0.508 params=6450 (33s)
  rich dm=48 ds=8 seed=1: best_val=0.529 params=6450 (34s)
  rich dm=48 ds=8 seed=2: best_val=0.553 params=6450 (32s)
  rich dm=48 ds=16 seed=0: best_val=0.625 params=7226 (32s)
  rich dm=48 ds=16 seed=1: best_val=0.614 params=7226 (32s)
  rich dm=48 ds=16 seed=2: best_val=0.644 params=7226 (33s)
  rich dm=64 ds=4 seed=0: best_val=0.369 params=10126 (34s)
  rich dm=64 ds=4 seed=1: best_val=0.342 params=10126 (35s)
  rich dm=64 ds=4 seed=2: best_val=0.345 params=10126 (34s)
  rich dm=64 ds=8 seed=0: best_val=0.521 params=10642 (36s)
  rich dm=64 ds=8 seed=1: best_val=0.531 params=10642 (36s)
  rich dm=64 ds=8 seed=2: best_val=0.546 params=10642 (36s)
  rich dm=64 ds=16 seed=0: best_val=0.641 params=11674 (36s)
  rich dm=64 ds=16 seed=1: best_val=0.658 params=11674 (37s)
  rich dm=64 ds=16 seed=2: best_val=0.663 params=11674 (38s)
  rich dm=96 ds=4 seed=0: best_val=0.332 params=21326 (40s)
  rich dm=96 ds=4 seed=1: best_val=0.317 params=21326 (41s)
  rich dm=96 ds=4 seed=2: best_val=0.332 params=21326 (40s)
  rich dm=96 ds=8 seed=0: best_val=0.536 params=22098 (43s)
  rich dm=96 ds=8 seed=1: best_val=0.512 params=22098 (45s)
  rich dm=96 ds=8 seed=2: best_val=0.552 params=22098 (42s)
  rich dm=96 ds=16 seed=0: best_val=0.658 params=23642 (42s)
  rich dm=96 ds=16 seed=1: best_val=0.699 params=23642 (42s)
  rich dm=96 ds=16 seed=2: best_val=0.686 params=23642 (43s)
  rich dm=128 ds=4 seed=0: best_val=0.410 params=36622 (47s)
  rich dm=128 ds=4 seed=1: best_val=0.333 params=36622 (50s)
  rich dm=128 ds=4 seed=2: best_val=0.300 params=36622 (49s)
  rich dm=128 ds=8 seed=0: best_val=0.599 params=37650 (48s)
  rich dm=128 ds=8 seed=1: best_val=0.547 params=37650 (48s)
  rich dm=128 ds=8 seed=2: best_val=0.503 params=37650 (50s)
  rich dm=128 ds=16 seed=0: best_val=0.708 params=39706 (52s)
  rich dm=128 ds=16 seed=1: best_val=0.678 params=39706 (53s)
  rich dm=128 ds=16 seed=2: best_val=0.712 params=39706 (53s)
  B1 dm=16 ds=4 seed=0: best_val=0.294 params=1250 (12s)
  B1 dm=16 ds=4 seed=1: best_val=0.366 params=1250 (12s)
  B1 dm=16 ds=4 seed=2: best_val=0.248 params=1250 (12s)
  B1 dm=16 ds=8 seed=0: best_val=0.324 params=1386 (13s)
  B1 dm=16 ds=8 seed=1: best_val=0.356 params=1386 (13s)
  B1 dm=16 ds=8 seed=2: best_val=0.359 params=1386 (12s)
  B1 dm=16 ds=16 seed=0: best_val=0.470 params=1658 (13s)
  B1 dm=16 ds=16 seed=1: best_val=0.398 params=1658 (13s)
  B1 dm=16 ds=16 seed=2: best_val=0.406 params=1658 (13s)
  B1 dm=32 ds=4 seed=0: best_val=0.311 params=4018 (12s)
  B1 dm=32 ds=4 seed=1: best_val=0.274 params=4018 (12s)
  B1 dm=32 ds=4 seed=2: best_val=0.232 params=4018 (12s)
  B1 dm=32 ds=8 seed=0: best_val=0.377 params=4282 (13s)
  B1 dm=32 ds=8 seed=1: best_val=0.418 params=4282 (13s)
  B1 dm=32 ds=8 seed=2: best_val=0.424 params=4282 (13s)
  B1 dm=32 ds=16 seed=0: best_val=0.466 params=4810 (13s)
  B1 dm=32 ds=16 seed=1: best_val=0.483 params=4810 (13s)
  B1 dm=32 ds=16 seed=2: best_val=0.493 params=4810 (13s)
  B1 dm=48 ds=4 seed=0: best_val=0.295 params=8322 (12s)
  B1 dm=48 ds=4 seed=1: best_val=0.358 params=8322 (13s)
  B1 dm=48 ds=4 seed=2: best_val=0.342 params=8322 (13s)
  B1 dm=48 ds=8 seed=0: best_val=0.414 params=8714 (13s)
  B1 dm=48 ds=8 seed=1: best_val=0.447 params=8714 (13s)
  B1 dm=48 ds=8 seed=2: best_val=0.402 params=8714 (13s)
  B1 dm=48 ds=16 seed=0: best_val=0.504 params=9498 (14s)
  B1 dm=48 ds=16 seed=1: best_val=0.532 params=9498 (14s)
  B1 dm=48 ds=16 seed=2: best_val=0.512 params=9498 (14s)
  B1 dm=64 ds=4 seed=0: best_val=0.285 params=14162 (14s)
  B1 dm=64 ds=4 seed=1: best_val=0.274 params=14162 (14s)
  B1 dm=64 ds=4 seed=2: best_val=0.287 params=14162 (14s)
  B1 dm=64 ds=8 seed=0: best_val=0.446 params=14682 (15s)
  B1 dm=64 ds=8 seed=1: best_val=0.388 params=14682 (15s)
  B1 dm=64 ds=8 seed=2: best_val=0.381 params=14682 (15s)
  B1 dm=64 ds=16 seed=0: best_val=0.520 params=15722 (15s)
  B1 dm=64 ds=16 seed=1: best_val=0.465 params=15722 (15s)
  B1 dm=64 ds=16 seed=2: best_val=0.534 params=15722 (16s)
  B1 dm=96 ds=4 seed=0: best_val=0.261 params=30450 (16s)
  B1 dm=96 ds=4 seed=1: best_val=0.289 params=30450 (16s)
  B1 dm=96 ds=4 seed=2: best_val=0.247 params=30450 (16s)
  B1 dm=96 ds=8 seed=0: best_val=0.410 params=31226 (17s)
  B1 dm=96 ds=8 seed=1: best_val=0.431 params=31226 (17s)
  B1 dm=96 ds=8 seed=2: best_val=0.380 params=31226 (17s)
  B1 dm=96 ds=16 seed=0: best_val=0.495 params=32778 (19s)
  B1 dm=96 ds=16 seed=1: best_val=0.484 params=32778 (19s)
  B1 dm=96 ds=16 seed=2: best_val=0.457 params=32778 (19s)
  B1 dm=128 ds=4 seed=0: best_val=0.246 params=52882 (20s)
  B1 dm=128 ds=4 seed=1: best_val=0.248 params=52882 (20s)
  B1 dm=128 ds=4 seed=2: best_val=0.264 params=52882 (19s)
  B1 dm=128 ds=8 seed=0: best_val=0.388 params=53914 (20s)
  B1 dm=128 ds=8 seed=1: best_val=0.382 params=53914 (21s)
  B1 dm=128 ds=8 seed=2: best_val=0.232 params=53914 (20s)
  B1 dm=128 ds=16 seed=0: best_val=0.271 params=55978 (22s)
  B1 dm=128 ds=16 seed=1: best_val=0.495 params=55978 (21s)
  B1 dm=128 ds=16 seed=2: best_val=0.350 params=55978 (24s)
  B2 dm=16 ds=0 seed=0: best_val=0.409 params=1962 (25s)
  B2 dm=16 ds=0 seed=1: best_val=0.410 params=1962 (25s)
  B2 dm=16 ds=0 seed=2: best_val=0.409 params=1962 (24s)
  B2 dm=32 ds=0 seed=0: best_val=0.946 params=6986 (27s)
  B2 dm=32 ds=0 seed=1: best_val=0.946 params=6986 (26s)
  B2 dm=32 ds=0 seed=2: best_val=0.916 params=6986 (27s)
  B2 dm=48 ds=0 seed=0: best_val=0.994 params=15082 (29s)
  B2 dm=48 ds=0 seed=1: best_val=0.996 params=15082 (29s)
  B2 dm=48 ds=0 seed=2: best_val=1.000 params=15082 (30s)
  B2 dm=64 ds=0 seed=0: best_val=1.000 params=26250 (34s)
  B2 dm=64 ds=0 seed=1: best_val=1.000 params=26250 (35s)
  B2 dm=64 ds=0 seed=2: best_val=1.000 params=26250 (36s)
  B2 dm=96 ds=0 seed=0: best_val=1.000 params=57802 (42s)
  B2 dm=96 ds=0 seed=1: best_val=1.000 params=57802 (44s)
  B2 dm=96 ds=0 seed=2: best_val=1.000 params=57802 (45s)
  B2 dm=128 ds=0 seed=0: best_val=1.000 params=101642 (52s)
  B2 dm=128 ds=0 seed=1: best_val=1.000 params=101642 (50s)
  B2 dm=128 ds=0 seed=2: best_val=1.000 params=101642 (50s)

== ablations A1/A2 on rich config (32, 16) ==

== SUMMARY ==
{
  "calibrated_lr": {
    "rich": 0.01,
    "B1": 0.003,
    "B2": 0.003
  },
  "rich_max_median_acc": 0.70849609375,
  "b1_max_median_acc": 0.51953125,
  "b2_max_median_acc": 1.0,
  "recon_bar": 0.531,
  "rich_min_width": {
    "model": "rich",
    "d_model": 32,
    "d_state": 16,
    "params": 3802,
    "median_acc": 0.6025390625,
    "min_acc": 0.57373046875,
    "max_acc": 0.6455078125
  },
  "b1_min_width": null,
  "A1": {
    "config": {
      "d_model": 32,
      "d_state": 16
    },
    "normal_median": 0.6025390625,
    "normal": [
      0.6455078125,
      0.57373046875,
      0.6025390625
    ],
    "ablated_median": 0.13037109375,
    "ablated": [
      0.126953125,
      0.146484375,
      0.13037109375
    ],
    "delta_median": 0.47216796875,
    "alphas": [
      [
        0.9105187058448792,
        0.7088388800621033,
        0.9355188012123108,
        0.9522695541381836,
        0.9555533528327942,
        0.9786978363990784,
        0.9533286094665527,
        0.9521615505218506,
        0.9856970310211182,
        0.9779858589172363,
        0.9884369969367981,
        0.9914515614509583,
        0.9646921753883362,
        0.9903968572616577,
        0.9917256832122803,
        0.9926257729530334
      ],
      [
        0.7696995735168457,
        0.8223930597305298,
        0.8722501993179321,
        0.7538873553276062,
        0.7929325699806213,
        0.9370670914649963,
        0.9458487033843994,
        0.9470139741897583,
        0.9152770042419434,
        0.9927064776420593,
        0.9308860301971436,
        0.9896747469902039,
        0.991854190826416,
        0.9934183359146118,
        0.9916127920150757,
        0.9934624433517456
      ],
      [
        0.7988603711128235,
        0.7284801602363586,
        0.9459298253059387,
        0.777984619140625,
        0.8943119645118713,
        0.9508436322212219,
        0.9918245673179626,
        0.9925731420516968,
        0.9409891963005066,
        0.9922349452972412,
        0.9478347897529602,
        0.9932357668876648,
        0.9943941831588745,
        0.9921090006828308,
        0.993515133857727,
        0.9937233328819275
      ]
    ]
  },
  "A2": {
    "alpha_min": 0.7088388800621033,
    "alpha_max": 0.9943941831588745,
    "alpha_mean": 0.9333068418006102,
    "frac_near_0": 0.0,
    "frac_near_1": 0.5833333333333334
  },
  "wall_time_s": 3805.4
}

wall time: 3805.4s
