== rich+sel normal sweep ==
  lr=0.001 seed=0 ablate=0: val=0.416 test=0.422 a_mean=0.897 a_std=0.083 stop@1400 (47s)
  lr=0.001 seed=1 ablate=0: val=0.962 test=0.955 a_mean=0.912 a_std=0.094 stop@4000 (128s)
  lr=0.001 seed=2 ablate=0: val=0.418 test=0.418 a_mean=0.858 a_std=0.086 stop@1400 (44s)
  lr=0.001 seed=3 ablate=0: val=0.412 test=0.409 a_mean=0.838 a_std=0.087 stop@1400 (45s)
  lr=0.001 seed=4 ablate=0: val=0.411 test=0.414 a_mean=0.970 a_std=0.072 stop@1400 (46s)
  lr=0.003 seed=0 ablate=0: val=0.412 test=0.419 a_mean=0.925 a_std=0.066 stop@1200 (39s)
[checkpoint] pushed: chore(pilot3): checkpoint (6 runs)
  lr=0.003 seed=1 ablate=0: val=0.977 test=0.964 a_mean=0.948 a_std=0.098 stop@5800 (184s)
  lr=0.003 seed=2 ablate=0: val=0.416 test=0.410 a_mean=0.848 a_std=0.086 stop@1400 (44s)
  lr=0.003 seed=3 ablate=0: val=0.416 test=0.416 a_mean=0.828 a_std=0.085 stop@1400 (44s)
  lr=0.003 seed=4 ablate=0: val=0.411 test=0.418 a_mean=0.943 a_std=0.072 stop@1200 (38s)
  lr=0.01 seed=0 ablate=0: val=0.983 test=0.978 a_mean=0.955 a_std=0.106 stop@4600 (151s)
  lr=0.01 seed=1 ablate=0: val=0.900 test=0.890 a_mean=0.958 a_std=0.090 stop@2400 (78s)
[checkpoint] pushed: chore(pilot3): checkpoint (12 runs)
  lr=0.01 seed=2 ablate=0: val=0.978 test=0.972 a_mean=0.943 a_std=0.105 stop@3400 (112s)
  lr=0.01 seed=3 ablate=0: val=0.981 test=0.973 a_mean=0.841 a_std=0.119 stop@4000 (132s)
  lr=0.01 seed=4 ablate=0: val=0.412 test=0.417 a_mean=0.930 a_std=0.056 stop@1200 (39s)
[checkpoint] pushed: chore(pilot3): checkpoint (15 runs)
== lr* = 0.01; ablation A1 (W_h=0) ==
  lr=0.01 seed=0 ablate=1: val=0.125 test=0.131 a_mean=0.772 a_std=0.028 stop@1400 (44s)
  lr=0.01 seed=1 ablate=1: val=0.146 test=0.128 a_mean=0.810 a_std=0.036 stop@1200 (37s)
  lr=0.01 seed=2 ablate=1: val=0.130 test=0.118 a_mean=0.818 a_std=0.031 stop@1600 (50s)
  lr=0.01 seed=3 ablate=1: val=0.146 test=0.128 a_mean=0.784 a_std=0.026 stop@1200 (37s)
  lr=0.01 seed=4 ablate=1: val=0.146 test=0.128 a_mean=0.801 a_std=0.026 stop@2600 (80s)
[checkpoint] pushed: chore(pilot3): checkpoint (20 runs)

== SUMMARY ==
{
  "spec": "PILOT3_MINI_SPEC.md v0.3.0",
  "config": {
    "d_model": 64,
    "d_state": 16
  },
  "lr_star": 0.01,
  "normal_test_by_seed": {
    "0": 0.9775,
    "1": 0.8896,
    "2": 0.9717,
    "3": 0.9727,
    "4": 0.4165
  },
  "normal_median_test": 0.9717,
  "ablated_test_by_seed": {
    "0": 0.1313,
    "1": 0.1284,
    "2": 0.1177,
    "3": 0.1284,
    "4": 0.1284
  },
  "ablated_median_test": 0.1284,
  "per_seed_delta": {
    "0": 0.8462,
    "1": 0.7612,
    "2": 0.854,
    "3": 0.8443,
    "4": 0.2881
  },
  "delta_per_seed_median": 0.8443,
  "delta_richsel": 0.8433,
  "delta_rich_ref": 0.674,
  "threshold": 0.1,
  "rich_level_ref": 0.8,
  "alpha_mean_median": 0.9429,
  "alpha_std_median": 0.1054,
  "alpha_degenerate": false,
  "normal_steps_to_best": [
    3600,
    1400,
    2400,
    3000,
    600
  ],
  "outcome": "GREEN: axes do NOT collapse \u2014 readout still load-bearing \u2014 proceed to full 4-point ablation",
  "all_lr_medians_val": {
    "0.001": 0.4155,
    "0.003": 0.4155,
    "0.01": 0.9775
  }
}
[checkpoint] pushed: chore(pilot3): final results

wall time: 1424s
